# JRE version: Java(TM) SE Runtime Environment (8.0_20-b26) (build 1.8.0_20-b26)
# Java VM: Java HotSpot(TM) 64-Bit Server VM (25.20-b23 mixed mode windows-amd64 compressed oops)
Heap:
 PSYoungGen      total 57344K, used 55456K [0x0000000780980000, 0x0000000784980000, 0x00000007c0000000)
  eden space 49152K, 96% used [0x0000000780980000,0x00000007837b0078,0x0000000783980000)
  from space 8192K, 99% used [0x0000000783980000,0x0000000784178020,0x0000000784180000)
  to   space 8192K, 0% used [0x0000000784180000,0x0000000784180000,0x0000000784980000)
 ParOldGen       total 131072K, used 1499K [0x0000000701c00000, 0x0000000709c00000, 0x0000000780980000)
  object space 131072K, 1% used [0x0000000701c00000,0x0000000701d76cd8,0x0000000709c00000)
 Metaspace       used 19674K, capacity 20086K, committed 20224K, reserved 1067008K
  class space    used 2407K, capacity 2549K, committed 2560K, reserved 1048576K
GC Heap History (6 events):
Event: 0.581 GC heap before
{Heap before GC invocations=1 (full 0):
 PSYoungGen      total 57344K, used 49152K [0x0000000780980000, 0x0000000784980000, 0x00000007c0000000)
  eden space 49152K, 100% used [0x0000000780980000,0x0000000783980000,0x0000000783980000)
  from space 8192K, 0% used [0x0000000784180000,0x0000000784180000,0x0000000784980000)
  to   space 8192K, 0% used [0x0000000783980000,0x0000000783980000,0x0000000784180000)
 ParOldGen       total 131072K, used 0K [0x0000000701c00000, 0x0000000709c00000, 0x0000000780980000)
  object space 131072K, 0% used [0x0000000701c00000,0x0000000701c00000,0x0000000709c00000)
 Metaspace       used 9792K, capacity 9952K, committed 10112K, reserved 1058816K
  class space    used 1220K, capacity 1320K, committed 1408K, reserved 1048576K
Event: 0.586 GC heap after
Heap after GC invocations=1 (full 0):
 PSYoungGen      total 57344K, used 7452K [0x0000000780980000, 0x0000000784980000, 0x00000007c0000000)
  eden space 49152K, 0% used [0x0000000780980000,0x0000000780980000,0x0000000783980000)
  from space 8192K, 90% used [0x0000000783980000,0x00000007840c7080,0x0000000784180000)
  to   space 8192K, 0% used [0x0000000784180000,0x0000000784180000,0x0000000784980000)
 ParOldGen       total 131072K, used 16K [0x0000000701c00000, 0x0000000709c00000, 0x0000000780980000)
  object space 131072K, 0% used [0x0000000701c00000,0x0000000701c04000,0x0000000709c00000)
 Metaspace       used 9792K, capacity 9952K, committed 10112K, reserved 1058816K
  class space    used 1220K, capacity 1320K, committed 1408K, reserved 1048576K
}
Event: 1.140 GC heap before
{Heap before GC invocations=2 (full 0):
 PSYoungGen      total 57344K, used 56604K [0x0000000780980000, 0x0000000784980000, 0x00000007c0000000)
  eden space 49152K, 100% used [0x0000000780980000,0x0000000783980000,0x0000000783980000)
  from space 8192K, 90% used [0x0000000783980000,0x00000007840c7080,0x0000000784180000)
  to   space 8192K, 0% used [0x0000000784180000,0x0000000784180000,0x0000000784980000)
 ParOldGen       total 131072K, used 16K [0x0000000701c00000, 0x0000000709c00000, 0x0000000780980000)
  object space 131072K, 0% used [0x0000000701c00000,0x0000000701c04000,0x0000000709c00000)
 Metaspace       used 14413K, capacity 14686K, committed 14976K, reserved 1062912K
  class space    used 1777K, capacity 1879K, committed 1920K, reserved 1048576K
Event: 1.147 GC heap after
Heap after GC invocations=2 (full 0):
 PSYoungGen      total 57344K, used 8160K [0x0000000780980000, 0x0000000784980000, 0x00000007c0000000)
  eden space 49152K, 0% used [0x0000000780980000,0x0000000780980000,0x0000000783980000)
  from space 8192K, 99% used [0x0000000784180000,0x0000000784978380,0x0000000784980000)
  to   space 8192K, 0% used [0x0000000783980000,0x0000000783980000,0x0000000784180000)
 ParOldGen       total 131072K, used 817K [0x0000000701c00000, 0x0000000709c00000, 0x0000000780980000)
  object space 131072K, 0% used [0x0000000701c00000,0x0000000701ccc6c8,0x0000000709c00000)
 Metaspace       used 14413K, capacity 14686K, committed 14976K, reserved 1062912K
  class space    used 1777K, capacity 1879K, committed 1920K, reserved 1048576K
}
Event: 1.831 GC heap before
{Heap before GC invocations=3 (full 0):
 PSYoungGen      total 57344K, used 57312K [0x0000000780980000, 0x0000000784980000, 0x00000007c0000000)
  eden space 49152K, 100% used [0x0000000780980000,0x0000000783980000,0x0000000783980000)
  from space 8192K, 99% used [0x0000000784180000,0x0000000784978380,0x0000000784980000)
  to   space 8192K, 0% used [0x0000000783980000,0x0000000783980000,0x0000000784180000)
 ParOldGen       total 131072K, used 817K [0x0000000701c00000, 0x0000000709c00000, 0x0000000780980000)
  object space 131072K, 0% used [0x0000000701c00000,0x0000000701ccc6c8,0x0000000709c00000)
 Metaspace       used 15547K, capacity 15866K, committed 16128K, reserved 1062912K
  class space    used 1877K, capacity 1989K, committed 2048K, reserved 1048576K
Event: 1.838 GC heap after
Heap after GC invocations=3 (full 0):
 PSYoungGen      total 57344K, used 8160K [0x0000000780980000, 0x0000000784980000, 0x00000007c0000000)
  eden space 49152K, 0% used [0x0000000780980000,0x0000000780980000,0x0000000783980000)
  from space 8192K, 99% used [0x0000000783980000,0x0000000784178020,0x0000000784180000)
  to   space 8192K, 0% used [0x0000000784180000,0x0000000784180000,0x0000000784980000)
 ParOldGen       total 131072K, used 1499K [0x0000000701c00000, 0x0000000709c00000, 0x0000000780980000)
  object space 131072K, 1% used [0x0000000701c00000,0x0000000701d76cd8,0x0000000709c00000)
 Metaspace       used 15547K, capacity 15866K, committed 16128K, reserved 1062912K
  class space    used 1877K, capacity 1989K, committed 2048K, reserved 1048576K
}

